<?xml version="1.0" encoding="utf-8"?>
<ImportLog>
	<RowImport>
		<Status>Ok</Status>
		<Type>adbb33c9-0906-4971-833c-998de27e0676</Type>
		<TypeName>Attribute</TypeName>
		<Name>codigo_depto</Name>
		<Errors />
		<Warnings />
		<Info />
	</RowImport>
	<RowImport>
		<Status>Ok</Status>
		<Type>adbb33c9-0906-4971-833c-998de27e0676</Type>
		<TypeName>Attribute</TypeName>
		<Name>nombre_depto</Name>
		<Errors />
		<Warnings />
		<Info />
	</RowImport>
	<RowImport>
		<Status>Ok</Status>
		<Type>1db606f2-af09-4cf9-a3b5-b481519d28f6</Type>
		<TypeName>Transaction</TypeName>
		<Name>deptos</Name>
		<Errors />
		<Warnings />
		<Info />
	</RowImport>
	<RowImport>
		<Status>Ok</Status>
		<Type>857ca50e-7905-0000-0007-c5d9ff2975ec</Type>
		<TypeName>Table</TypeName>
		<Name>deptos</Name>
		<Errors />
		<Warnings />
		<Info />
	</RowImport>
	<RowImport>
		<Status>Ok</Status>
		<Type>19abc6ff-2cd2-0000-0006-6d172bc2333b</Type>
		<TypeName>DataView</TypeName>
		<Name>deptos</Name>
		<Errors />
		<Warnings />
		<Info />
	</RowImport>
</ImportLog>